<?xml version="1.0" encoding="UTF-8"?>
<!-- Generated by org.testng.reporters.JUnitReportReporter -->
<testsuite name="com.hrm.scripts.TestSearchButton" tests="1" time="18.235" ignored="9" failures="0" timestamp="24 Feb 2017 13:00:18 GMT" skipped="0" hostname="Nagaraju" errors="0">
  <testcase name="testSearchButton" time="18.235" classname="com.hrm.scripts.TestSearchButton"/>
  <testcase name="initReport" classname="com.hrm.base.BaseTest">
    <skipped/>
  </testcase> <!-- initReport -->
  <testcase name="initReport" classname="com.hrm.base.BaseTest">
    <skipped/>
  </testcase> <!-- initReport -->
  <testcase name="initReport" classname="com.hrm.base.BaseTest">
    <skipped/>
  </testcase> <!-- initReport -->
  <testcase name="publishReport" classname="com.hrm.base.BaseTest">
    <skipped/>
  </testcase> <!-- publishReport -->
  <testcase name="publishReport" classname="com.hrm.base.BaseTest">
    <skipped/>
  </testcase> <!-- publishReport -->
  <testcase name="publishReport" classname="com.hrm.base.BaseTest">
    <skipped/>
  </testcase> <!-- publishReport -->
  <testcase name="initGlobalVar" classname="com.hrm.base.BaseTest">
    <skipped/>
  </testcase> <!-- initGlobalVar -->
  <testcase name="initGlobalVar" classname="com.hrm.base.BaseTest">
    <skipped/>
  </testcase> <!-- initGlobalVar -->
  <testcase name="initGlobalVar" classname="com.hrm.base.BaseTest">
    <skipped/>
  </testcase> <!-- initGlobalVar -->
</testsuite> <!-- com.hrm.scripts.TestSearchButton -->
