<?xml version="1.0" encoding="UTF-8"?>
<!-- Generated by org.testng.reporters.JUnitReportReporter -->
<testsuite name="com.hrm.scripts.CreateDeleteMultipleEmpVerifyExcel" tests="1" time="12.786" ignored="0" failures="0" timestamp="27 Feb 2017 14:32:09 GMT" skipped="0" hostname="Nagaraju" errors="0">
  <testcase name="createAndDeleteEmployee" time="12.786" classname="com.hrm.scripts.CreateDeleteMultipleEmpVerifyExcel"/>
</testsuite> <!-- com.hrm.scripts.CreateDeleteMultipleEmpVerifyExcel -->
