<?xml version="1.0" encoding="UTF-8"?>
<!-- Generated by org.testng.reporters.JUnitReportReporter -->
<testsuite name="com.hrm.scripts.CreateDeleteMultipleEmpVerify" tests="1" time="8.264" ignored="0" failures="0" timestamp="27 Feb 2017 14:13:22 GMT" skipped="0" hostname="Nagaraju" errors="0">
  <testcase name="createAndDeleteEmployee" time="8.264" classname="com.hrm.scripts.CreateDeleteMultipleEmpVerify"/>
</testsuite> <!-- com.hrm.scripts.CreateDeleteMultipleEmpVerify -->
