<?xml version="1.0" encoding="UTF-8"?>
<!-- Generated by org.testng.reporters.JUnitReportReporter -->
<testsuite skipped="0" hostname="DESKTOP-B4CGF5L" name="com.hrm.scripts.TestSearchBtn" tests="1" failures="0" timestamp="25 May 2018 11:54:48 GMT" time="8.964" errors="0">
  <testcase name="testSearchBtn" time="8.964" classname="com.hrm.scripts.TestSearchBtn"/>
</testsuite> <!-- com.hrm.scripts.TestSearchBtn -->
