<?xml version="1.0" encoding="UTF-8"?>
<!-- Generated by org.testng.reporters.JUnitReportReporter -->
<testsuite skipped="0" hostname="DESKTOP-B4CGF5L" name="com.hrm.scripts.AddUser" tests="1" failures="0" timestamp="22 May 2018 13:57:29 GMT" time="17.822" errors="0">
  <testcase name="testCase2" time="17.822" classname="com.hrm.scripts.AddUser"/>
</testsuite> <!-- com.hrm.scripts.AddUser -->
