<?xml version="1.0" encoding="UTF-8"?>
<!-- Generated by org.testng.reporters.JUnitReportReporter -->
<testsuite skipped="0" hostname="DESKTOP-B4CGF5L" name="com.hrm.scripts.LoginLogoutTest" tests="1" failures="0" timestamp="07 Jun 2018 13:03:10 GMT" time="16.382" errors="0">
  <testcase name="testAutoLoginLogout" time="16.382" classname="com.hrm.scripts.LoginLogoutTest"/>
</testsuite> <!-- com.hrm.scripts.LoginLogoutTest -->
