<?xml version="1.0" encoding="UTF-8"?>
<!-- Generated by org.testng.reporters.JUnitReportReporter -->
<testsuite name="com.hrm.scripts.Naukri$LoginLogoutTest" tests="1" time="4.171" ignored="0" failures="0" timestamp="08 Mar 2017 10:02:50 GMT" skipped="0" hostname="Nagaraju" errors="0">
  <testcase name="testAutoLoginLogout" time="4.171" classname="com.hrm.scripts.Naukri$LoginLogoutTest"/>
</testsuite> <!-- com.hrm.scripts.Naukri$LoginLogoutTest -->
