<?xml version="1.0" encoding="UTF-8"?>
<!-- Generated by org.testng.reporters.JUnitReportReporter -->
<testsuite skipped="0" hostname="DESKTOP-B4CGF5L" name="com.hrm.scripts.CreateDeleteEmp" tests="1" failures="0" timestamp="25 May 2018 11:54:48 GMT" time="37.251" errors="0">
  <testcase name="testCreateDeleteEmp" time="37.251" classname="com.hrm.scripts.CreateDeleteEmp"/>
</testsuite> <!-- com.hrm.scripts.CreateDeleteEmp -->
