<?xml version="1.0" encoding="UTF-8"?>
<!-- Generated by org.testng.reporters.JUnitReportReporter -->
<testsuite name="com.hrm.scripts.TestCase2" tests="1" time="8.831" ignored="0" failures="0" timestamp="08 Mar 2017 09:39:54 GMT" skipped="0" hostname="Nagaraju" errors="0">
  <testcase name="testCase2" time="8.831" classname="com.hrm.scripts.TestCase2"/>
</testsuite> <!-- com.hrm.scripts.TestCase2 -->
