<?xml version="1.0" encoding="UTF-8"?>
<!-- Generated by org.testng.reporters.JUnitReportReporter -->
<testsuite skipped="0" hostname="DESKTOP-B4CGF5L" name="com.hrm.scripts.TestJobTitle" tests="1" failures="0" timestamp="25 May 2018 11:54:48 GMT" time="8.780" errors="0">
  <testcase name="testJobTitle" time="8.780" classname="com.hrm.scripts.TestJobTitle"/>
</testsuite> <!-- com.hrm.scripts.TestJobTitle -->
