<?xml version="1.0" encoding="UTF-8"?>
<!-- Generated by org.testng.reporters.JUnitReportReporter -->
<testsuite name="com.hrm.scripts.GetTitle" tests="1" time="15.665" ignored="0" failures="0" timestamp="08 Mar 2017 09:55:06 GMT" skipped="0" hostname="Nagaraju" errors="0">
  <testcase name="getTitle" time="15.665" classname="com.hrm.scripts.GetTitle"/>
</testsuite> <!-- com.hrm.scripts.GetTitle -->
