<?xml version="1.0" encoding="UTF-8"?>
<!-- Generated by org.testng.reporters.JUnitReportReporter -->
<testsuite name="com.hrm.scripts.MoveToLocalizationPage" tests="1" time="6.426" ignored="0" failures="0" timestamp="28 Feb 2017 14:09:15 GMT" skipped="0" hostname="Nagaraju" errors="0">
  <testcase name="createAndDeleteEmployee" time="6.426" classname="com.hrm.scripts.MoveToLocalizationPage"/>
</testsuite> <!-- com.hrm.scripts.MoveToLocalizationPage -->
