<?xml version="1.0" encoding="UTF-8"?>
<!-- Generated by org.testng.reporters.JUnitReportReporter -->
<testsuite skipped="0" hostname="DESKTOP-B4CGF5L" name="com.hrm.scripts.TestCase5" tests="1" failures="0" timestamp="18 May 2018 21:23:11 GMT" time="22.133" errors="0">
  <testcase name="testTTV" time="22.133" classname="com.hrm.scripts.TestCase5"/>
</testsuite> <!-- com.hrm.scripts.TestCase5 -->
