<?xml version="1.0" encoding="UTF-8"?>
<!-- Generated by org.testng.reporters.JUnitReportReporter -->
<testsuite name="com.hrm.scripts.TestInlcudeList" tests="1" time="5.494" ignored="12" failures="1" timestamp="25 Feb 2017 14:36:10 GMT" skipped="0" hostname="Nagaraju" errors="0">
  <testcase name="testInlcudeList" time="5.494" classname="com.hrm.scripts.TestInlcudeList">
    <failure type="java.lang.AssertionError" message="ListBox is Not Sorted expected [true] but found [false]">
      <![CDATA[java.lang.AssertionError: ListBox is Not Sorted expected [true] but found [false]
	at org.testng.Assert.fail(Assert.java:94)
	at org.testng.Assert.failNotEquals(Assert.java:513)
	at org.testng.Assert.assertTrue(Assert.java:42)
	at com.hrm.base.BasePage.verifyListBoxIsSorted(BasePage.java:54)
	at com.hrm.pages.EmpInfoPage.verifyIncludeListBoxIsSorted(EmpInfoPage.java:72)
	at com.hrm.scripts.TestInlcudeList.testInlcudeList(TestInlcudeList.java:19)
	at sun.reflect.NativeMethodAccessorImpl.invoke0(Native Method)
	at sun.reflect.NativeMethodAccessorImpl.invoke(NativeMethodAccessorImpl.java:62)
	at sun.reflect.DelegatingMethodAccessorImpl.invoke(DelegatingMethodAccessorImpl.java:43)
	at java.lang.reflect.Method.invoke(Method.java:498)
	at org.testng.internal.MethodInvocationHelper.invokeMethod(MethodInvocationHelper.java:104)
	at org.testng.internal.Invoker.invokeMethod(Invoker.java:645)
	at org.testng.internal.Invoker.invokeTestMethod(Invoker.java:851)
	at org.testng.internal.Invoker.invokeTestMethods(Invoker.java:1177)
	at org.testng.internal.TestMethodWorker.invokeTestMethods(TestMethodWorker.java:129)
	at org.testng.internal.TestMethodWorker.run(TestMethodWorker.java:112)
	at java.util.concurrent.ThreadPoolExecutor.runWorker(ThreadPoolExecutor.java:1142)
	at java.util.concurrent.ThreadPoolExecutor$Worker.run(ThreadPoolExecutor.java:617)
	at java.lang.Thread.run(Thread.java:745)
]]>
    </failure>
  </testcase> <!-- testInlcudeList -->
  <testcase name="initReport" classname="com.hrm.base.BaseTest">
    <skipped/>
  </testcase> <!-- initReport -->
  <testcase name="initReport" classname="com.hrm.base.BaseTest">
    <skipped/>
  </testcase> <!-- initReport -->
  <testcase name="initReport" classname="com.hrm.base.BaseTest">
    <skipped/>
  </testcase> <!-- initReport -->
  <testcase name="publishReport" classname="com.hrm.base.BaseTest">
    <skipped/>
  </testcase> <!-- publishReport -->
  <testcase name="publishReport" classname="com.hrm.base.BaseTest">
    <skipped/>
  </testcase> <!-- publishReport -->
  <testcase name="publishReport" classname="com.hrm.base.BaseTest">
    <skipped/>
  </testcase> <!-- publishReport -->
  <testcase name="initGlobalVar" classname="com.hrm.base.BaseTest">
    <skipped/>
  </testcase> <!-- initGlobalVar -->
  <testcase name="initGlobalVar" classname="com.hrm.base.BaseTest">
    <skipped/>
  </testcase> <!-- initGlobalVar -->
  <testcase name="initGlobalVar" classname="com.hrm.base.BaseTest">
    <skipped/>
  </testcase> <!-- initGlobalVar -->
  <testcase name="testJobTitle" classname="com.hrm.scripts.TestJobTitle">
    <skipped/>
  </testcase> <!-- testJobTitle -->
  <testcase name="testSearchButton" classname="com.hrm.scripts.TestSearchButton">
    <skipped/>
  </testcase> <!-- testSearchButton -->
  <testcase name="testAutoLoginLogout" classname="com.hrm.scripts.LoginLogoutTest">
    <skipped/>
  </testcase> <!-- testAutoLoginLogout -->
</testsuite> <!-- com.hrm.scripts.TestInlcudeList -->
