<?xml version="1.0" encoding="UTF-8"?>
<!-- Generated by org.testng.reporters.JUnitReportReporter -->
<testsuite name="com.hrm.scripts.CheckLocalization" tests="1" time="13.963" ignored="0" failures="0" timestamp="02 Mar 2017 08:48:22 GMT" skipped="0" hostname="Nagaraju" errors="0">
  <testcase name="testCheckLocalization" time="13.963" classname="com.hrm.scripts.CheckLocalization"/>
</testsuite> <!-- com.hrm.scripts.CheckLocalization -->
